# JRE version: Java(TM) SE Runtime Environment (8.0_11-b12) (build 1.8.0_11-b12)
# Java VM: Java HotSpot(TM) 64-Bit Server VM (25.11-b03 mixed mode windows-amd64 compressed oops)
Heap:
 PSYoungGen      total 5632K, used 3270K [0x00000000d5980000, 0x00000000d6580000, 0x0000000100000000)
  eden space 4096K, 43% used [0x00000000d5980000,0x00000000d5b3d658,0x00000000d5d80000)
  from space 1536K, 96% used [0x00000000d5d80000,0x00000000d5ef4450,0x00000000d5f00000)
  to   space 2048K, 0% used [0x00000000d6380000,0x00000000d6380000,0x00000000d6580000)
 ParOldGen       total 129536K, used 1478K [0x0000000080c00000, 0x0000000088a80000, 0x00000000d5980000)
  object space 129536K, 1% used [0x0000000080c00000,0x0000000080d71bf8,0x0000000088a80000)
 Metaspace       used 7895K, capacity 8292K, committed 8448K, reserved 1056768K
  class space    used 665K, capacity 706K, committed 768K, reserved 1048576K
GC Heap History (10 events):
Event: 0.132 GC heap before
{Heap before GC invocations=3 (full 0):
 PSYoungGen      total 1536K, used 1520K [0x00000000d5980000, 0x00000000d5b80000, 0x0000000100000000)
  eden space 1024K, 100% used [0x00000000d5980000,0x00000000d5a80000,0x00000000d5a80000)
  from space 512K, 96% used [0x00000000d5b00000,0x00000000d5b7c010,0x00000000d5b80000)
  to   space 512K, 0% used [0x00000000d5a80000,0x00000000d5a80000,0x00000000d5b00000)
 ParOldGen       total 129536K, used 80K [0x0000000080c00000, 0x0000000088a80000, 0x00000000d5980000)
  object space 129536K, 0% used [0x0000000080c00000,0x0000000080c14000,0x0000000088a80000)
 Metaspace       used 3629K, capacity 4728K, committed 4864K, reserved 1056768K
  class space    used 404K, capacity 424K, committed 512K, reserved 1048576K
Event: 0.133 GC heap after
Heap after GC invocations=3 (full 0):
 PSYoungGen      total 1536K, used 496K [0x00000000d5980000, 0x00000000d5c80000, 0x0000000100000000)
  eden space 1024K, 0% used [0x00000000d5980000,0x00000000d5980000,0x00000000d5a80000)
  from space 512K, 96% used [0x00000000d5a80000,0x00000000d5afc010,0x00000000d5b00000)
  to   space 512K, 0% used [0x00000000d5c00000,0x00000000d5c00000,0x00000000d5c80000)
 ParOldGen       total 129536K, used 341K [0x0000000080c00000, 0x0000000088a80000, 0x00000000d5980000)
  object space 129536K, 0% used [0x0000000080c00000,0x0000000080c55710,0x0000000088a80000)
 Metaspace       used 3629K, capacity 4728K, committed 4864K, reserved 1056768K
  class space    used 404K, capacity 424K, committed 512K, reserved 1048576K
}
Event: 0.694 GC heap before
{Heap before GC invocations=4 (full 0):
 PSYoungGen      total 1536K, used 1520K [0x00000000d5980000, 0x00000000d5c80000, 0x0000000100000000)
  eden space 1024K, 100% used [0x00000000d5980000,0x00000000d5a80000,0x00000000d5a80000)
  from space 512K, 96% used [0x00000000d5a80000,0x00000000d5afc010,0x00000000d5b00000)
  to   space 512K, 0% used [0x00000000d5c00000,0x00000000d5c00000,0x00000000d5c80000)
 ParOldGen       total 129536K, used 341K [0x0000000080c00000, 0x0000000088a80000, 0x00000000d5980000)
  object space 129536K, 0% used [0x0000000080c00000,0x0000000080c55710,0x0000000088a80000)
 Metaspace       used 3867K, capacity 4952K, committed 5120K, reserved 1056768K
  class space    used 437K, capacity 456K, committed 512K, reserved 1048576K
Event: 0.695 GC heap after
Heap after GC invocations=4 (full 0):
 PSYoungGen      total 2560K, used 496K [0x00000000d5980000, 0x00000000d5c80000, 0x0000000100000000)
  eden space 2048K, 0% used [0x00000000d5980000,0x00000000d5980000,0x00000000d5b80000)
  from space 512K, 96% used [0x00000000d5c00000,0x00000000d5c7c010,0x00000000d5c80000)
  to   space 512K, 0% used [0x00000000d5b80000,0x00000000d5b80000,0x00000000d5c00000)
 ParOldGen       total 129536K, used 576K [0x0000000080c00000, 0x0000000088a80000, 0x00000000d5980000)
  object space 129536K, 0% used [0x0000000080c00000,0x0000000080c90270,0x0000000088a80000)
 Metaspace       used 3867K, capacity 4952K, committed 5120K, reserved 1056768K
  class space    used 437K, capacity 456K, committed 512K, reserved 1048576K
}
Event: 0.819 GC heap before
{Heap before GC invocations=5 (full 0):
 PSYoungGen      total 2560K, used 2518K [0x00000000d5980000, 0x00000000d5c80000, 0x0000000100000000)
  eden space 2048K, 98% used [0x00000000d5980000,0x00000000d5b79940,0x00000000d5b80000)
  from space 512K, 96% used [0x00000000d5c00000,0x00000000d5c7c010,0x00000000d5c80000)
  to   space 512K, 0% used [0x00000000d5b80000,0x00000000d5b80000,0x00000000d5c00000)
 ParOldGen       total 129536K, used 576K [0x0000000080c00000, 0x0000000088a80000, 0x00000000d5980000)
  object space 129536K, 0% used [0x0000000080c00000,0x0000000080c90270,0x0000000088a80000)
 Metaspace       used 4836K, capacity 5822K, committed 5888K, reserved 1056768K
  class space    used 466K, capacity 494K, committed 512K, reserved 1048576K
Event: 0.820 GC heap after
Heap after GC invocations=5 (full 0):
 PSYoungGen      total 2560K, used 496K [0x00000000d5980000, 0x00000000d6080000, 0x0000000100000000)
  eden space 2048K, 0% used [0x00000000d5980000,0x00000000d5980000,0x00000000d5b80000)
  from space 512K, 96% used [0x00000000d5b80000,0x00000000d5bfc010,0x00000000d5c00000)
  to   space 1536K, 0% used [0x00000000d5f00000,0x00000000d5f00000,0x00000000d6080000)
 ParOldGen       total 129536K, used 1190K [0x0000000080c00000, 0x0000000088a80000, 0x00000000d5980000)
  object space 129536K, 0% used [0x0000000080c00000,0x0000000080d29ba8,0x0000000088a80000)
 Metaspace       used 4836K, capacity 5822K, committed 5888K, reserved 1056768K
  class space    used 466K, capacity 494K, committed 512K, reserved 1048576K
}
Event: 0.868 GC heap before
{Heap before GC invocations=6 (full 0):
 PSYoungGen      total 2560K, used 2544K [0x00000000d5980000, 0x00000000d6080000, 0x0000000100000000)
  eden space 2048K, 100% used [0x00000000d5980000,0x00000000d5b80000,0x00000000d5b80000)
  from space 512K, 96% used [0x00000000d5b80000,0x00000000d5bfc010,0x00000000d5c00000)
  to   space 1536K, 0% used [0x00000000d5f00000,0x00000000d5f00000,0x00000000d6080000)
 ParOldGen       total 129536K, used 1190K [0x0000000080c00000, 0x0000000088a80000, 0x00000000d5980000)
  object space 129536K, 0% used [0x0000000080c00000,0x0000000080d29ba8,0x0000000088a80000)
 Metaspace       used 5579K, capacity 6526K, committed 6656K, reserved 1056768K
  class space    used 490K, capacity 494K, committed 512K, reserved 1048576K
Event: 0.869 GC heap after
Heap after GC invocations=6 (full 0):
 PSYoungGen      total 5632K, used 1088K [0x00000000d5980000, 0x00000000d6080000, 0x0000000100000000)
  eden space 4096K, 0% used [0x00000000d5980000,0x00000000d5980000,0x00000000d5d80000)
  from space 1536K, 70% used [0x00000000d5f00000,0x00000000d6010020,0x00000000d6080000)
  to   space 1536K, 0% used [0x00000000d5d80000,0x00000000d5d80000,0x00000000d5f00000)
 ParOldGen       total 129536K, used 1198K [0x0000000080c00000, 0x0000000088a80000, 0x00000000d5980000)
  object space 129536K, 0% used [0x0000000080c00000,0x0000000080d2bba8,0x0000000088a80000)
 Metaspace       used 5579K, capacity 6526K, committed 6656K, reserved 1056768K
  class space    used 490K, capacity 494K, committed 512K, reserved 1048576K
}
Event: 0.976 GC heap before
{Heap before GC invocations=7 (full 0):
 PSYoungGen      total 5632K, used 5184K [0x00000000d5980000, 0x00000000d6080000, 0x0000000100000000)
  eden space 4096K, 100% used [0x00000000d5980000,0x00000000d5d80000,0x00000000d5d80000)
  from space 1536K, 70% used [0x00000000d5f00000,0x00000000d6010020,0x00000000d6080000)
  to   space 1536K, 0% used [0x00000000d5d80000,0x00000000d5d80000,0x00000000d5f00000)
 ParOldGen       total 129536K, used 1198K [0x0000000080c00000, 0x0000000088a80000, 0x00000000d5980000)
  object space 129536K, 0% used [0x0000000080c00000,0x0000000080d2bba8,0x0000000088a80000)
 Metaspace       used 6971K, capacity 7870K, committed 8064K, reserved 1056768K
  class space    used 547K, capacity 558K, committed 640K, reserved 1048576K
Event: 0.978 GC heap after
Heap after GC invocations=7 (full 0):
 PSYoungGen      total 5632K, used 1489K [0x00000000d5980000, 0x00000000d6580000, 0x0000000100000000)
  eden space 4096K, 0% used [0x00000000d5980000,0x00000000d5980000,0x00000000d5d80000)
  from space 1536K, 96% used [0x00000000d5d80000,0x00000000d5ef4450,0x00000000d5f00000)
  to   space 2048K, 0% used [0x00000000d6380000,0x00000000d6380000,0x00000000d6580000)
 ParOldGen       total 129536K, used 1478K [0x0000000080c00000, 0x0000000088a80000, 0x00000000d5980000)
  object space 129536K, 1% used [0x0000000080c00000,0x0000000080d71bf8,0x0000000088a80000)
 Metaspace       used 6971K, capacity 7870K, committed 8064K, reserved 1056768K
  class space    used 547K, capacity 558K, committed 640K, reserved 1048576K
}

