# JRE version: Java(TM) SE Runtime Environment (8.0_11-b12) (build 1.8.0_11-b12)
# Java VM: Java HotSpot(TM) 64-Bit Server VM (25.11-b03 mixed mode windows-amd64 compressed oops)
Heap:
 PSYoungGen      total 5632K, used 2860K [0x00000000d5980000, 0x00000000d6480000, 0x0000000100000000)
  eden space 4096K, 34% used [0x00000000d5980000,0x00000000d5ae6060,0x00000000d5d80000)
  from space 1536K, 92% used [0x00000000d5d80000,0x00000000d5ee5098,0x00000000d5f00000)
  to   space 1536K, 0% used [0x00000000d6300000,0x00000000d6300000,0x00000000d6480000)
 ParOldGen       total 129536K, used 1518K [0x0000000080c00000, 0x0000000088a80000, 0x00000000d5980000)
  object space 129536K, 1% used [0x0000000080c00000,0x0000000080d7b8d8,0x0000000088a80000)
 Metaspace       used 7832K, capacity 8216K, committed 8448K, reserved 1056768K
  class space    used 659K, capacity 704K, committed 768K, reserved 1048576K
GC Heap History (10 events):
Event: 0.135 GC heap before
{Heap before GC invocations=3 (full 0):
 PSYoungGen      total 1536K, used 1504K [0x00000000d5980000, 0x00000000d5b80000, 0x0000000100000000)
  eden space 1024K, 100% used [0x00000000d5980000,0x00000000d5a80000,0x00000000d5a80000)
  from space 512K, 93% used [0x00000000d5b00000,0x00000000d5b78020,0x00000000d5b80000)
  to   space 512K, 0% used [0x00000000d5a80000,0x00000000d5a80000,0x00000000d5b00000)
 ParOldGen       total 129536K, used 136K [0x0000000080c00000, 0x0000000088a80000, 0x00000000d5980000)
  object space 129536K, 0% used [0x0000000080c00000,0x0000000080c22000,0x0000000088a80000)
 Metaspace       used 3629K, capacity 4728K, committed 4864K, reserved 1056768K
  class space    used 404K, capacity 424K, committed 512K, reserved 1048576K
Event: 0.136 GC heap after
Heap after GC invocations=3 (full 0):
 PSYoungGen      total 1536K, used 480K [0x00000000d5980000, 0x00000000d5c80000, 0x0000000100000000)
  eden space 1024K, 0% used [0x00000000d5980000,0x00000000d5980000,0x00000000d5a80000)
  from space 512K, 93% used [0x00000000d5a80000,0x00000000d5af8020,0x00000000d5b00000)
  to   space 512K, 0% used [0x00000000d5c00000,0x00000000d5c00000,0x00000000d5c80000)
 ParOldGen       total 129536K, used 393K [0x0000000080c00000, 0x0000000088a80000, 0x00000000d5980000)
  object space 129536K, 0% used [0x0000000080c00000,0x0000000080c62400,0x0000000088a80000)
 Metaspace       used 3629K, capacity 4728K, committed 4864K, reserved 1056768K
  class space    used 404K, capacity 424K, committed 512K, reserved 1048576K
}
Event: 0.741 GC heap before
{Heap before GC invocations=4 (full 0):
 PSYoungGen      total 1536K, used 1504K [0x00000000d5980000, 0x00000000d5c80000, 0x0000000100000000)
  eden space 1024K, 100% used [0x00000000d5980000,0x00000000d5a80000,0x00000000d5a80000)
  from space 512K, 93% used [0x00000000d5a80000,0x00000000d5af8020,0x00000000d5b00000)
  to   space 512K, 0% used [0x00000000d5c00000,0x00000000d5c00000,0x00000000d5c80000)
 ParOldGen       total 129536K, used 393K [0x0000000080c00000, 0x0000000088a80000, 0x00000000d5980000)
  object space 129536K, 0% used [0x0000000080c00000,0x0000000080c62400,0x0000000088a80000)
 Metaspace       used 3867K, capacity 4952K, committed 5120K, reserved 1056768K
  class space    used 437K, capacity 456K, committed 512K, reserved 1048576K
Event: 0.742 GC heap after
Heap after GC invocations=4 (full 0):
 PSYoungGen      total 2560K, used 480K [0x00000000d5980000, 0x00000000d5c80000, 0x0000000100000000)
  eden space 2048K, 0% used [0x00000000d5980000,0x00000000d5980000,0x00000000d5b80000)
  from space 512K, 93% used [0x00000000d5c00000,0x00000000d5c78020,0x00000000d5c80000)
  to   space 512K, 0% used [0x00000000d5b80000,0x00000000d5b80000,0x00000000d5c00000)
 ParOldGen       total 129536K, used 611K [0x0000000080c00000, 0x0000000088a80000, 0x00000000d5980000)
  object space 129536K, 0% used [0x0000000080c00000,0x0000000080c98f60,0x0000000088a80000)
 Metaspace       used 3867K, capacity 4952K, committed 5120K, reserved 1056768K
  class space    used 437K, capacity 456K, committed 512K, reserved 1048576K
}
Event: 0.835 GC heap before
{Heap before GC invocations=5 (full 0):
 PSYoungGen      total 2560K, used 2524K [0x00000000d5980000, 0x00000000d5c80000, 0x0000000100000000)
  eden space 2048K, 99% used [0x00000000d5980000,0x00000000d5b7f290,0x00000000d5b80000)
  from space 512K, 93% used [0x00000000d5c00000,0x00000000d5c78020,0x00000000d5c80000)
  to   space 512K, 0% used [0x00000000d5b80000,0x00000000d5b80000,0x00000000d5c00000)
 ParOldGen       total 129536K, used 611K [0x0000000080c00000, 0x0000000088a80000, 0x00000000d5980000)
  object space 129536K, 0% used [0x0000000080c00000,0x0000000080c98f60,0x0000000088a80000)
 Metaspace       used 4836K, capacity 5822K, committed 5888K, reserved 1056768K
  class space    used 466K, capacity 494K, committed 512K, reserved 1048576K
Event: 0.837 GC heap after
Heap after GC invocations=5 (full 0):
 PSYoungGen      total 2560K, used 512K [0x00000000d5980000, 0x00000000d6080000, 0x0000000100000000)
  eden space 2048K, 0% used [0x00000000d5980000,0x00000000d5980000,0x00000000d5b80000)
  from space 512K, 100% used [0x00000000d5b80000,0x00000000d5c00000,0x00000000d5c00000)
  to   space 1536K, 0% used [0x00000000d5f00000,0x00000000d5f00000,0x00000000d6080000)
 ParOldGen       total 129536K, used 1254K [0x0000000080c00000, 0x0000000088a80000, 0x00000000d5980000)
  object space 129536K, 0% used [0x0000000080c00000,0x0000000080d39888,0x0000000088a80000)
 Metaspace       used 4836K, capacity 5822K, committed 5888K, reserved 1056768K
  class space    used 466K, capacity 494K, committed 512K, reserved 1048576K
}
Event: 0.887 GC heap before
{Heap before GC invocations=6 (full 0):
 PSYoungGen      total 2560K, used 2560K [0x00000000d5980000, 0x00000000d6080000, 0x0000000100000000)
  eden space 2048K, 100% used [0x00000000d5980000,0x00000000d5b80000,0x00000000d5b80000)
  from space 512K, 100% used [0x00000000d5b80000,0x00000000d5c00000,0x00000000d5c00000)
  to   space 1536K, 0% used [0x00000000d5f00000,0x00000000d5f00000,0x00000000d6080000)
 ParOldGen       total 129536K, used 1254K [0x0000000080c00000, 0x0000000088a80000, 0x00000000d5980000)
  object space 129536K, 0% used [0x0000000080c00000,0x0000000080d39888,0x0000000088a80000)
 Metaspace       used 5591K, capacity 6526K, committed 6656K, reserved 1056768K
  class space    used 491K, capacity 494K, committed 512K, reserved 1048576K
Event: 0.888 GC heap after
Heap after GC invocations=6 (full 0):
 PSYoungGen      total 5632K, used 1073K [0x00000000d5980000, 0x00000000d6080000, 0x0000000100000000)
  eden space 4096K, 0% used [0x00000000d5980000,0x00000000d5980000,0x00000000d5d80000)
  from space 1536K, 69% used [0x00000000d5f00000,0x00000000d600c7e8,0x00000000d6080000)
  to   space 1536K, 0% used [0x00000000d5d80000,0x00000000d5d80000,0x00000000d5f00000)
 ParOldGen       total 129536K, used 1262K [0x0000000080c00000, 0x0000000088a80000, 0x00000000d5980000)
  object space 129536K, 0% used [0x0000000080c00000,0x0000000080d3b888,0x0000000088a80000)
 Metaspace       used 5591K, capacity 6526K, committed 6656K, reserved 1056768K
  class space    used 491K, capacity 494K, committed 512K, reserved 1048576K
}
Event: 1.012 GC heap before
{Heap before GC invocations=7 (full 0):
 PSYoungGen      total 5632K, used 5169K [0x00000000d5980000, 0x00000000d6080000, 0x0000000100000000)
  eden space 4096K, 100% used [0x00000000d5980000,0x00000000d5d80000,0x00000000d5d80000)
  from space 1536K, 69% used [0x00000000d5f00000,0x00000000d600c7e8,0x00000000d6080000)
  to   space 1536K, 0% used [0x00000000d5d80000,0x00000000d5d80000,0x00000000d5f00000)
 ParOldGen       total 129536K, used 1262K [0x0000000080c00000, 0x0000000088a80000, 0x00000000d5980000)
  object space 129536K, 0% used [0x0000000080c00000,0x0000000080d3b888,0x0000000088a80000)
 Metaspace       used 6979K, capacity 7870K, committed 8064K, reserved 1056768K
  class space    used 549K, capacity 558K, committed 640K, reserved 1048576K
Event: 1.013 GC heap after
Heap after GC invocations=7 (full 0):
 PSYoungGen      total 5632K, used 1428K [0x00000000d5980000, 0x00000000d6480000, 0x0000000100000000)
  eden space 4096K, 0% used [0x00000000d5980000,0x00000000d5980000,0x00000000d5d80000)
  from space 1536K, 92% used [0x00000000d5d80000,0x00000000d5ee5098,0x00000000d5f00000)
  to   space 1536K, 0% used [0x00000000d6300000,0x00000000d6300000,0x00000000d6480000)
 ParOldGen       total 129536K, used 1518K [0x0000000080c00000, 0x0000000088a80000, 0x00000000d5980000)
  object space 129536K, 1% used [0x0000000080c00000,0x0000000080d7b8d8,0x0000000088a80000)
 Metaspace       used 6979K, capacity 7870K, committed 8064K, reserved 1056768K
  class space    used 549K, capacity 558K, committed 640K, reserved 1048576K
}

